[2023/02/18 22:26:10.239] - Starting server with initial configuration: {"gasLimit":6721975,"gasPrice":20000000000,"hardfork":"muirGlacier","hostname":"127.0.0.1","port":7545,"network_id":5777,"default_balance_ether":100,"total_accounts":10,"unlocked_accounts":[],"locked":false,"vmErrorsOnRPCResponse":true,"verbose":true,"db_path":"/Users/elizabethai/Library/Application Support/Ganache/workspaces/general-car/chaindata","logDirectory":"/Users/elizabethai/Documents"}
[2023/02/18 22:26:10.291] - eth_subscribe
[2023/02/18 22:26:10.291] -    > {
   >   "jsonrpc": "2.0",
   >   "id": 55,
   >   "method": "eth_subscribe",
   >   "params": [
   >     "newHeads"
   >   ]
   > }
[2023/02/18 22:26:10.291] - eth_getLogs
[2023/02/18 22:26:10.291] -    > {
   >   "jsonrpc": "2.0",
   >   "id": 56,
   >   "method": "eth_getLogs",
   >   "params": [
   >     {
   >       "topics": []
   >     }
   >   ]
   > }
[2023/02/18 22:26:10.291] - eth_subscribe
[2023/02/18 22:26:10.291] -    > {
   >   "jsonrpc": "2.0",
   >   "id": 57,
   >   "method": "eth_subscribe",
   >   "params": [
   >     "logs",
   >     {
   >       "topics": []
   >     }
   >   ]
   > }
[2023/02/18 22:26:10.293] -  <   {
 <     "id": 55,
 <     "jsonrpc": "2.0",
 <     "result": "0x1"
 <   }
[2023/02/18 22:26:10.296] -  <   {
 <     "id": 56,
 <     "jsonrpc": "2.0",
 <     "result": []
 <   }
[2023/02/18 22:26:10.297] -  <   {
 <     "id": 57,
 <     "jsonrpc": "2.0",
 <     "result": "0x2"
 <   }
[2023/02/18 22:26:10.301] - eth_blockNumber
[2023/02/18 22:26:10.301] -    > {
   >   "jsonrpc": "2.0",
   >   "id": 653,
   >   "method": "eth_blockNumber",
   >   "params": [],
   >   "internal": true
   > }
[2023/02/18 22:26:10.301] - eth_accounts
[2023/02/18 22:26:10.302] -    > {
   >   "jsonrpc": "2.0",
   >   "id": 654,
   >   "method": "eth_accounts",
   >   "params": [],
   >   "internal": true
   > }
[2023/02/18 22:26:10.302] - eth_gasPrice
[2023/02/18 22:26:10.302] -    > {
   >   "jsonrpc": "2.0",
   >   "id": 655,
   >   "method": "eth_gasPrice",
   >   "params": [],
   >   "internal": true
   > }
[2023/02/18 22:26:10.302] - eth_getBlockByNumber
[2023/02/18 22:26:10.302] -    > {
   >   "jsonrpc": "2.0",
   >   "id": 656,
   >   "method": "eth_getBlockByNumber",
   >   "params": [
   >     "latest",
   >     false
   >   ],
   >   "internal": true
   > }
[2023/02/18 22:26:10.302] - eth_subscribe
[2023/02/18 22:26:10.302] -    > {
   >   "jsonrpc": "2.0",
   >   "id": 657,
   >   "method": "eth_subscribe",
   >   "params": [
   >     "newHeads"
   >   ],
   >   "internal": true
   > }
[2023/02/18 22:26:10.303] -  <   {
 <     "id": 653,
 <     "jsonrpc": "2.0",
 <     "result": "0x0"
 <   }
[2023/02/18 22:26:10.303] - eth_subscribe
[2023/02/18 22:26:10.303] -    > {
   >   "jsonrpc": "2.0",
   >   "id": 58,
   >   "method": "eth_subscribe",
   >   "params": [
   >     "newHeads"
   >   ]
   > }
[2023/02/18 22:26:10.303] -  <   {
 <     "id": 654,
 <     "jsonrpc": "2.0",
 <     "result": [
 <       "0x33cad17623292ea5be765630a96a087007899bd8",
 <       "0x71a2f026de4e3b4e8ac5238e87694b04a22d3011",
 <       "0x7fefa893650da5b2215c294705981d5d3603b1df",
 <       "0xa5d5258827751764a643b5051eb772b0a73dc7a4",
 <       "0x8b4b1fbdc11bdc9a0caf778881bab053c9e1cff3",
 <       "0x5af0a41be76bb00010103e85792dc68d15f03ee7",
 <       "0x365db76599c77bf7ae6ca0afc5eb574675606cab",
 <       "0xbf264af04d7dc3cc69462b10ec62fbbce392bfff",
 <       "0x0c30fb08a314cd63cc38a1f74f7741d153d037f0",
 <       "0x6a29527e141e5af5246a42f9e30e590cf37322fc"
 <     ]
 <   }
[2023/02/18 22:26:10.303] - eth_getLogs
[2023/02/18 22:26:10.303] -    > {
   >   "jsonrpc": "2.0",
   >   "id": 59,
   >   "method": "eth_getLogs",
   >   "params": [
   >     {
   >       "topics": []
   >     }
   >   ]
   > }
[2023/02/18 22:26:10.303] - eth_subscribe
[2023/02/18 22:26:10.304] -    > {
   >   "jsonrpc": "2.0",
   >   "id": 60,
   >   "method": "eth_subscribe",
   >   "params": [
   >     "logs",
   >     {
   >       "topics": []
   >     }
   >   ]
   > }
[2023/02/18 22:26:10.305] -  <   {
 <     "id": 655,
 <     "jsonrpc": "2.0",
 <     "result": "0x4a817c800"
 <   }
[2023/02/18 22:26:10.307] -  <   {
 <     "id": 656,
 <     "jsonrpc": "2.0",
 <     "result": {
 <       "number": "0x0",
 <       "hash": "0x7c211aa61effd1bf0206fb42a384220d18f3d2363ab7113da22d5c99a43c91d1",
 <       "parentHash": "0x0000000000000000000000000000000000000000000000000000000000000000",
 <       "mixHash": "0x0000000000000000000000000000000000000000000000000000000000000000",
 <       "nonce": "0x0000000000000000",
 <       "sha3Uncles": "0x1dcc4de8dec75d7aab85b567b6ccd41ad312451b948a7413f0a142fd40d49347",
 <       "logsBloom": "0x00000000000000000000000000000000000000000000000000000000000000000000000000000000000000000000000000000000000000000000000000000000000000000000000000000000000000000000000000000000000000000000000000000000000000000000000000000000000000000000000000000000000000000000000000000000000000000000000000000000000000000000000000000000000000000000000000000000000000000000000000000000000000000000000000000000000000000000000000000000000000000000000000000000000000000000000000000000000000000000000000000000000000000000000000000000",
 <       "transactionsRoot": "0x56e81f171bcc55a6ff8345e692c0f86e5b48e01b996cadc001622fb5e363b421",
 <       "stateRoot": "0x9e0dd8dcf3c2a6b24a6ab409302e365c3df861aeb7d125c17b2eef8e6becd627",
 <       "receiptsRoot": "0x56e81f171bcc55a6ff8345e692c0f86e5b48e01b996cadc001622fb5e363b421",
 <       "miner": "0x0000000000000000000000000000000000000000",
 <       "difficulty": "0x0",
 <       "totalDifficulty": "0x0",
 <       "extraData": "0x",
 <       "size": "0x3e8",
 <       "gasLimit": "0x6691b7",
 <       "gasUsed": "0x0",
 <       "timestamp": "0x63f19512",
 <       "transactions": [],
 <       "uncles": []
 <     }
 <   }
[2023/02/18 22:26:10.308] -  <   {
 <     "id": 657,
 <     "jsonrpc": "2.0",
 <     "result": "0x3"
 <   }
[2023/02/18 22:26:10.309] -  <   {
 <     "id": 58,
 <     "jsonrpc": "2.0",
 <     "result": "0x4"
 <   }
[2023/02/18 22:26:10.311] -  <   {
 <     "id": 59,
 <     "jsonrpc": "2.0",
 <     "result": []
 <   }
[2023/02/18 22:26:10.312] -  <   {
 <     "id": 60,
 <     "jsonrpc": "2.0",
 <     "result": "0x5"
 <   }
[2023/02/18 22:26:10.313] - eth_getBalance
[2023/02/18 22:26:10.313] -    > {
   >   "jsonrpc": "2.0",
   >   "id": 664,
   >   "method": "eth_getBalance",
   >   "params": [
   >     "0x33cad17623292ea5be765630a96a087007899bd8",
   >     "latest"
   >   ],
   >   "internal": true
   > }
[2023/02/18 22:26:10.314] - eth_getTransactionCount
[2023/02/18 22:26:10.314] -    > {
   >   "jsonrpc": "2.0",
   >   "id": 665,
   >   "method": "eth_getTransactionCount",
   >   "params": [
   >     "0x33cad17623292ea5be765630a96a087007899bd8",
   >     "latest"
   >   ],
   >   "internal": true
   > }
[2023/02/18 22:26:10.315] -  <   {
 <     "id": 664,
 <     "jsonrpc": "2.0",
 <     "result": "0x56bc75e2d63100000"
 <   }
[2023/02/18 22:26:10.315] - eth_getBalance
[2023/02/18 22:26:10.315] -    > {
   >   "jsonrpc": "2.0",
   >   "id": 666,
   >   "method": "eth_getBalance",
   >   "params": [
   >     "0x71a2f026de4e3b4e8ac5238e87694b04a22d3011",
   >     "latest"
   >   ],
   >   "internal": true
   > }
[2023/02/18 22:26:10.316] - eth_getTransactionCount
[2023/02/18 22:26:10.316] -    > {
   >   "jsonrpc": "2.0",
   >   "id": 667,
   >   "method": "eth_getTransactionCount",
   >   "params": [
   >     "0x71a2f026de4e3b4e8ac5238e87694b04a22d3011",
   >     "latest"
   >   ],
   >   "internal": true
   > }
[2023/02/18 22:26:10.317] -  <   {
 <     "id": 665,
 <     "jsonrpc": "2.0",
 <     "result": "0x0"
 <   }
[2023/02/18 22:26:10.317] - eth_getBalance
[2023/02/18 22:26:10.317] -    > {
   >   "jsonrpc": "2.0",
   >   "id": 668,
   >   "method": "eth_getBalance",
   >   "params": [
   >     "0x7fefa893650da5b2215c294705981d5d3603b1df",
   >     "latest"
   >   ],
   >   "internal": true
   > }
[2023/02/18 22:26:10.317] - eth_getTransactionCount
[2023/02/18 22:26:10.317] -    > {
   >   "jsonrpc": "2.0",
   >   "id": 669,
   >   "method": "eth_getTransactionCount",
   >   "params": [
   >     "0x7fefa893650da5b2215c294705981d5d3603b1df",
   >     "latest"
   >   ],
   >   "internal": true
   > }
[2023/02/18 22:26:10.318] -  <   {
 <     "id": 666,
 <     "jsonrpc": "2.0",
 <     "result": "0x56bc75e2d63100000"
 <   }
[2023/02/18 22:26:10.318] - eth_getBalance
[2023/02/18 22:26:10.318] -    > {
   >   "jsonrpc": "2.0",
   >   "id": 670,
   >   "method": "eth_getBalance",
   >   "params": [
   >     "0xa5d5258827751764a643b5051eb772b0a73dc7a4",
   >     "latest"
   >   ],
   >   "internal": true
   > }
[2023/02/18 22:26:10.319] - eth_getTransactionCount
[2023/02/18 22:26:10.319] -    > {
   >   "jsonrpc": "2.0",
   >   "id": 671,
   >   "method": "eth_getTransactionCount",
   >   "params": [
   >     "0xa5d5258827751764a643b5051eb772b0a73dc7a4",
   >     "latest"
   >   ],
   >   "internal": true
   > }
[2023/02/18 22:26:10.319] - eth_getBalance
[2023/02/18 22:26:10.319] -    > {
   >   "jsonrpc": "2.0",
   >   "id": 672,
   >   "method": "eth_getBalance",
   >   "params": [
   >     "0x8b4b1fbdc11bdc9a0caf778881bab053c9e1cff3",
   >     "latest"
   >   ],
   >   "internal": true
   > }
[2023/02/18 22:26:10.320] -  <   {
 <     "id": 667,
 <     "jsonrpc": "2.0",
 <     "result": "0x0"
 <   }
[2023/02/18 22:26:10.320] - eth_getTransactionCount
[2023/02/18 22:26:10.320] -    > {
   >   "jsonrpc": "2.0",
   >   "id": 673,
   >   "method": "eth_getTransactionCount",
   >   "params": [
   >     "0x8b4b1fbdc11bdc9a0caf778881bab053c9e1cff3",
   >     "latest"
   >   ],
   >   "internal": true
   > }
[2023/02/18 22:26:10.323] - eth_getBalance
[2023/02/18 22:26:10.323] -    > {
   >   "jsonrpc": "2.0",
   >   "id": 674,
   >   "method": "eth_getBalance",
   >   "params": [
   >     "0x5af0a41be76bb00010103e85792dc68d15f03ee7",
   >     "latest"
   >   ],
   >   "internal": true
   > }
[2023/02/18 22:26:10.324] - eth_getTransactionCount
[2023/02/18 22:26:10.324] -    > {
   >   "jsonrpc": "2.0",
   >   "id": 675,
   >   "method": "eth_getTransactionCount",
   >   "params": [
   >     "0x5af0a41be76bb00010103e85792dc68d15f03ee7",
   >     "latest"
   >   ],
   >   "internal": true
   > }
[2023/02/18 22:26:10.324] - eth_getBalance
[2023/02/18 22:26:10.324] -    > {
   >   "jsonrpc": "2.0",
   >   "id": 676,
   >   "method": "eth_getBalance",
   >   "params": [
   >     "0x365db76599c77bf7ae6ca0afc5eb574675606cab",
   >     "latest"
   >   ],
   >   "internal": true
   > }
[2023/02/18 22:26:10.324] - eth_getTransactionCount
[2023/02/18 22:26:10.324] -    > {
   >   "jsonrpc": "2.0",
   >   "id": 677,
   >   "method": "eth_getTransactionCount",
   >   "params": [
   >     "0x365db76599c77bf7ae6ca0afc5eb574675606cab",
   >     "latest"
   >   ],
   >   "internal": true
   > }
[2023/02/18 22:26:10.324] - eth_getBalance
[2023/02/18 22:26:10.324] -    > {
   >   "jsonrpc": "2.0",
   >   "id": 678,
   >   "method": "eth_getBalance",
   >   "params": [
   >     "0xbf264af04d7dc3cc69462b10ec62fbbce392bfff",
   >     "latest"
   >   ],
   >   "internal": true
   > }
[2023/02/18 22:26:10.326] -  <   {
 <     "id": 668,
 <     "jsonrpc": "2.0",
 <     "result": "0x56bc75e2d63100000"
 <   }
[2023/02/18 22:26:10.326] - eth_getTransactionCount
[2023/02/18 22:26:10.326] -    > {
   >   "jsonrpc": "2.0",
   >   "id": 679,
   >   "method": "eth_getTransactionCount",
   >   "params": [
   >     "0xbf264af04d7dc3cc69462b10ec62fbbce392bfff",
   >     "latest"
   >   ],
   >   "internal": true
   > }
[2023/02/18 22:26:10.326] - eth_getBalance
[2023/02/18 22:26:10.326] -    > {
   >   "jsonrpc": "2.0",
   >   "id": 680,
   >   "method": "eth_getBalance",
   >   "params": [
   >     "0x0c30fb08a314cd63cc38a1f74f7741d153d037f0",
   >     "latest"
   >   ],
   >   "internal": true
   > }
[2023/02/18 22:26:10.328] -  <   {
 <     "id": 669,
 <     "jsonrpc": "2.0",
 <     "result": "0x0"
 <   }
[2023/02/18 22:26:10.328] - eth_getTransactionCount
[2023/02/18 22:26:10.328] -    > {
   >   "jsonrpc": "2.0",
   >   "id": 681,
   >   "method": "eth_getTransactionCount",
   >   "params": [
   >     "0x0c30fb08a314cd63cc38a1f74f7741d153d037f0",
   >     "latest"
   >   ],
   >   "internal": true
   > }
[2023/02/18 22:26:10.328] - eth_getBalance
[2023/02/18 22:26:10.328] -    > {
   >   "jsonrpc": "2.0",
   >   "id": 682,
   >   "method": "eth_getBalance",
   >   "params": [
   >     "0x6a29527e141e5af5246a42f9e30e590cf37322fc",
   >     "latest"
   >   ],
   >   "internal": true
   > }
[2023/02/18 22:26:10.328] - eth_getTransactionCount
[2023/02/18 22:26:10.329] -    > {
   >   "jsonrpc": "2.0",
   >   "id": 683,
   >   "method": "eth_getTransactionCount",
   >   "params": [
   >     "0x6a29527e141e5af5246a42f9e30e590cf37322fc",
   >     "latest"
   >   ],
   >   "internal": true
   > }
[2023/02/18 22:26:10.329] - eth_getBalance
[2023/02/18 22:26:10.329] -    > {
   >   "jsonrpc": "2.0",
   >   "id": 684,
   >   "method": "eth_getBalance",
   >   "params": [
   >     "0x33cad17623292ea5be765630a96a087007899bd8",
   >     "latest"
   >   ],
   >   "internal": true
   > }
[2023/02/18 22:26:10.330] -  <   {
 <     "id": 670,
 <     "jsonrpc": "2.0",
 <     "result": "0x56bc75e2d63100000"
 <   }
[2023/02/18 22:26:10.330] - eth_getTransactionCount
[2023/02/18 22:26:10.330] -    > {
   >   "jsonrpc": "2.0",
   >   "id": 685,
   >   "method": "eth_getTransactionCount",
   >   "params": [
   >     "0x33cad17623292ea5be765630a96a087007899bd8",
   >     "latest"
   >   ],
   >   "internal": true
   > }
[2023/02/18 22:26:10.331] -  <   {
 <     "id": 671,
 <     "jsonrpc": "2.0",
 <     "result": "0x0"
 <   }
[2023/02/18 22:26:10.334] - eth_getBalance
[2023/02/18 22:26:10.334] -    > {
   >   "jsonrpc": "2.0",
   >   "id": 686,
   >   "method": "eth_getBalance",
   >   "params": [
   >     "0x71a2f026de4e3b4e8ac5238e87694b04a22d3011",
   >     "latest"
   >   ],
   >   "internal": true
   > }
[2023/02/18 22:26:10.335] - eth_getTransactionCount
[2023/02/18 22:26:10.335] -    > {
   >   "jsonrpc": "2.0",
   >   "id": 687,
   >   "method": "eth_getTransactionCount",
   >   "params": [
   >     "0x71a2f026de4e3b4e8ac5238e87694b04a22d3011",
   >     "latest"
   >   ],
   >   "internal": true
   > }
[2023/02/18 22:26:10.335] - eth_getBalance
[2023/02/18 22:26:10.335] -    > {
   >   "jsonrpc": "2.0",
   >   "id": 688,
   >   "method": "eth_getBalance",
   >   "params": [
   >     "0x7fefa893650da5b2215c294705981d5d3603b1df",
   >     "latest"
   >   ],
   >   "internal": true
   > }
[2023/02/18 22:26:10.335] - eth_getTransactionCount
[2023/02/18 22:26:10.335] -    > {
   >   "jsonrpc": "2.0",
   >   "id": 689,
   >   "method": "eth_getTransactionCount",
   >   "params": [
   >     "0x7fefa893650da5b2215c294705981d5d3603b1df",
   >     "latest"
   >   ],
   >   "internal": true
   > }
[2023/02/18 22:26:10.338] - eth_getBalance
[2023/02/18 22:26:10.338] -    > {
   >   "jsonrpc": "2.0",
   >   "id": 690,
   >   "method": "eth_getBalance",
   >   "params": [
   >     "0xa5d5258827751764a643b5051eb772b0a73dc7a4",
   >     "latest"
   >   ],
   >   "internal": true
   > }
[2023/02/18 22:26:10.338] - eth_getTransactionCount
[2023/02/18 22:26:10.338] -    > {
   >   "jsonrpc": "2.0",
   >   "id": 691,
   >   "method": "eth_getTransactionCount",
   >   "params": [
   >     "0xa5d5258827751764a643b5051eb772b0a73dc7a4",
   >     "latest"
   >   ],
   >   "internal": true
   > }
[2023/02/18 22:26:10.338] - eth_getBalance
[2023/02/18 22:26:10.338] -    > {
   >   "jsonrpc": "2.0",
   >   "id": 692,
   >   "method": "eth_getBalance",
   >   "params": [
   >     "0x8b4b1fbdc11bdc9a0caf778881bab053c9e1cff3",
   >     "latest"
   >   ],
   >   "internal": true
   > }
[2023/02/18 22:26:10.338] - eth_getTransactionCount
[2023/02/18 22:26:10.338] -    > {
   >   "jsonrpc": "2.0",
   >   "id": 693,
   >   "method": "eth_getTransactionCount",
   >   "params": [
   >     "0x8b4b1fbdc11bdc9a0caf778881bab053c9e1cff3",
   >     "latest"
   >   ],
   >   "internal": true
   > }
[2023/02/18 22:26:10.339] - eth_getBalance
[2023/02/18 22:26:10.339] -    > {
   >   "jsonrpc": "2.0",
   >   "id": 694,
   >   "method": "eth_getBalance",
   >   "params": [
   >     "0x5af0a41be76bb00010103e85792dc68d15f03ee7",
   >     "latest"
   >   ],
   >   "internal": true
   > }
[2023/02/18 22:26:10.339] - eth_getTransactionCount
[2023/02/18 22:26:10.339] -    > {
   >   "jsonrpc": "2.0",
   >   "id": 695,
   >   "method": "eth_getTransactionCount",
   >   "params": [
   >     "0x5af0a41be76bb00010103e85792dc68d15f03ee7",
   >     "latest"
   >   ],
   >   "internal": true
   > }
[2023/02/18 22:26:10.339] -  <   {
 <     "id": 672,
 <     "jsonrpc": "2.0",
 <     "result": "0x56bc75e2d63100000"
 <   }
[2023/02/18 22:26:10.340] - eth_getBalance
[2023/02/18 22:26:10.340] -    > {
   >   "jsonrpc": "2.0",
   >   "id": 696,
   >   "method": "eth_getBalance",
   >   "params": [
   >     "0x365db76599c77bf7ae6ca0afc5eb574675606cab",
   >     "latest"
   >   ],
   >   "internal": true
   > }
[2023/02/18 22:26:10.340] - eth_getTransactionCount
[2023/02/18 22:26:10.340] -    > {
   >   "jsonrpc": "2.0",
   >   "id": 697,
   >   "method": "eth_getTransactionCount",
   >   "params": [
   >     "0x365db76599c77bf7ae6ca0afc5eb574675606cab",
   >     "latest"
   >   ],
   >   "internal": true
   > }
[2023/02/18 22:26:10.340] - eth_getBalance
[2023/02/18 22:26:10.341] -    > {
   >   "jsonrpc": "2.0",
   >   "id": 698,
   >   "method": "eth_getBalance",
   >   "params": [
   >     "0xbf264af04d7dc3cc69462b10ec62fbbce392bfff",
   >     "latest"
   >   ],
   >   "internal": true
   > }
[2023/02/18 22:26:10.341] -  <   {
 <     "id": 673,
 <     "jsonrpc": "2.0",
 <     "result": "0x0"
 <   }
[2023/02/18 22:26:10.341] - eth_getTransactionCount
[2023/02/18 22:26:10.341] -    > {
   >   "jsonrpc": "2.0",
   >   "id": 699,
   >   "method": "eth_getTransactionCount",
   >   "params": [
   >     "0xbf264af04d7dc3cc69462b10ec62fbbce392bfff",
   >     "latest"
   >   ],
   >   "internal": true
   > }
[2023/02/18 22:26:10.342] - eth_getBalance
[2023/02/18 22:26:10.342] -    > {
   >   "jsonrpc": "2.0",
   >   "id": 700,
   >   "method": "eth_getBalance",
   >   "params": [
   >     "0x0c30fb08a314cd63cc38a1f74f7741d153d037f0",
   >     "latest"
   >   ],
   >   "internal": true
   > }
[2023/02/18 22:26:10.342] -  <   {
 <     "id": 674,
 <     "jsonrpc": "2.0",
 <     "result": "0x56bc75e2d63100000"
 <   }
[2023/02/18 22:26:10.343] - eth_getTransactionCount
[2023/02/18 22:26:10.343] -    > {
   >   "jsonrpc": "2.0",
   >   "id": 701,
   >   "method": "eth_getTransactionCount",
   >   "params": [
   >     "0x0c30fb08a314cd63cc38a1f74f7741d153d037f0",
   >     "latest"
   >   ],
   >   "internal": true
   > }
[2023/02/18 22:26:10.343] - eth_getBalance
[2023/02/18 22:26:10.343] -    > {
   >   "jsonrpc": "2.0",
   >   "id": 702,
   >   "method": "eth_getBalance",
   >   "params": [
   >     "0x6a29527e141e5af5246a42f9e30e590cf37322fc",
   >     "latest"
   >   ],
   >   "internal": true
   > }
[2023/02/18 22:26:10.344] -  <   {
 <     "id": 675,
 <     "jsonrpc": "2.0",
 <     "result": "0x0"
 <   }
[2023/02/18 22:26:10.344] - eth_getTransactionCount
[2023/02/18 22:26:10.344] -    > {
   >   "jsonrpc": "2.0",
   >   "id": 703,
   >   "method": "eth_getTransactionCount",
   >   "params": [
   >     "0x6a29527e141e5af5246a42f9e30e590cf37322fc",
   >     "latest"
   >   ],
   >   "internal": true
   > }
[2023/02/18 22:26:10.345] -  <   {
 <     "id": 676,
 <     "jsonrpc": "2.0",
 <     "result": "0x56bc75e2d63100000"
 <   }
[2023/02/18 22:26:10.346] -  <   {
 <     "id": 677,
 <     "jsonrpc": "2.0",
 <     "result": "0x0"
 <   }
[2023/02/18 22:26:10.348] -  <   {
 <     "id": 678,
 <     "jsonrpc": "2.0",
 <     "result": "0x56bc75e2d63100000"
 <   }
[2023/02/18 22:26:10.350] -  <   {
 <     "id": 679,
 <     "jsonrpc": "2.0",
 <     "result": "0x0"
 <   }
[2023/02/18 22:26:10.351] -  <   {
 <     "id": 680,
 <     "jsonrpc": "2.0",
 <     "result": "0x56bc75e2d63100000"
 <   }
[2023/02/18 22:26:10.353] -  <   {
 <     "id": 681,
 <     "jsonrpc": "2.0",
 <     "result": "0x0"
 <   }
[2023/02/18 22:26:10.355] -  <   {
 <     "id": 682,
 <     "jsonrpc": "2.0",
 <     "result": "0x56bc75e2d63100000"
 <   }
[2023/02/18 22:26:10.355] -  <   {
 <     "id": 683,
 <     "jsonrpc": "2.0",
 <     "result": "0x0"
 <   }
[2023/02/18 22:26:10.357] -  <   {
 <     "id": 684,
 <     "jsonrpc": "2.0",
 <     "result": "0x56bc75e2d63100000"
 <   }
[2023/02/18 22:26:10.359] -  <   {
 <     "id": 685,
 <     "jsonrpc": "2.0",
 <     "result": "0x0"
 <   }
[2023/02/18 22:26:10.364] -  <   {
 <     "id": 686,
 <     "jsonrpc": "2.0",
 <     "result": "0x56bc75e2d63100000"
 <   }
[2023/02/18 22:26:10.366] -  <   {
 <     "id": 687,
 <     "jsonrpc": "2.0",
 <     "result": "0x0"
 <   }
[2023/02/18 22:26:10.368] -  <   {
 <     "id": 688,
 <     "jsonrpc": "2.0",
 <     "result": "0x56bc75e2d63100000"
 <   }
[2023/02/18 22:26:10.369] -  <   {
 <     "id": 689,
 <     "jsonrpc": "2.0",
 <     "result": "0x0"
 <   }
[2023/02/18 22:26:10.371] -  <   {
 <     "id": 690,
 <     "jsonrpc": "2.0",
 <     "result": "0x56bc75e2d63100000"
 <   }
[2023/02/18 22:26:10.373] -  <   {
 <     "id": 691,
 <     "jsonrpc": "2.0",
 <     "result": "0x0"
 <   }
[2023/02/18 22:26:10.374] -  <   {
 <     "id": 692,
 <     "jsonrpc": "2.0",
 <     "result": "0x56bc75e2d63100000"
 <   }
[2023/02/18 22:26:10.376] -  <   {
 <     "id": 693,
 <     "jsonrpc": "2.0",
 <     "result": "0x0"
 <   }
[2023/02/18 22:26:10.377] -  <   {
 <     "id": 694,
 <     "jsonrpc": "2.0",
 <     "result": "0x56bc75e2d63100000"
 <   }
[2023/02/18 22:26:10.379] -  <   {
 <     "id": 695,
 <     "jsonrpc": "2.0",
 <     "result": "0x0"
 <   }
[2023/02/18 22:26:10.380] -  <   {
 <     "id": 696,
 <     "jsonrpc": "2.0",
 <     "result": "0x56bc75e2d63100000"
 <   }
[2023/02/18 22:26:10.382] -  <   {
 <     "id": 697,
 <     "jsonrpc": "2.0",
 <     "result": "0x0"
 <   }
[2023/02/18 22:26:10.384] - eth_blockNumber
[2023/02/18 22:26:10.384] -    > {
   >   "jsonrpc": "2.0",
   >   "id": 658,
   >   "method": "eth_blockNumber",
   >   "params": [],
   >   "internal": true
   > }
[2023/02/18 22:26:10.385] -  <   {
 <     "id": 698,
 <     "jsonrpc": "2.0",
 <     "result": "0x56bc75e2d63100000"
 <   }
[2023/02/18 22:26:10.385] - eth_accounts
[2023/02/18 22:26:10.385] -    > {
   >   "jsonrpc": "2.0",
   >   "id": 659,
   >   "method": "eth_accounts",
   >   "params": [],
   >   "internal": true
   > }
[2023/02/18 22:26:10.385] - eth_gasPrice
[2023/02/18 22:26:10.385] -    > {
   >   "jsonrpc": "2.0",
   >   "id": 660,
   >   "method": "eth_gasPrice",
   >   "params": [],
   >   "internal": true
   > }
[2023/02/18 22:26:10.385] - eth_getBlockByNumber
[2023/02/18 22:26:10.386] -    > {
   >   "jsonrpc": "2.0",
   >   "id": 661,
   >   "method": "eth_getBlockByNumber",
   >   "params": [
   >     "latest",
   >     false
   >   ],
   >   "internal": true
   > }
[2023/02/18 22:26:10.386] - eth_subscribe
[2023/02/18 22:26:10.386] -    > {
   >   "jsonrpc": "2.0",
   >   "id": 662,
   >   "method": "eth_subscribe",
   >   "params": [
   >     "newHeads"
   >   ],
   >   "internal": true
   > }
[2023/02/18 22:26:10.388] -  <   {
 <     "id": 699,
 <     "jsonrpc": "2.0",
 <     "result": "0x0"
 <   }
[2023/02/18 22:26:10.397] -  <   {
 <     "id": 700,
 <     "jsonrpc": "2.0",
 <     "result": "0x56bc75e2d63100000"
 <   }
[2023/02/18 22:26:10.399] -  <   {
 <     "id": 701,
 <     "jsonrpc": "2.0",
 <     "result": "0x0"
 <   }
[2023/02/18 22:26:10.402] -  <   {
 <     "id": 702,
 <     "jsonrpc": "2.0",
 <     "result": "0x56bc75e2d63100000"
 <   }
[2023/02/18 22:26:10.409] -  <   {
 <     "id": 703,
 <     "jsonrpc": "2.0",
 <     "result": "0x0"
 <   }
[2023/02/18 22:26:10.411] -  <   {
 <     "id": 658,
 <     "jsonrpc": "2.0",
 <     "result": "0x0"
 <   }
[2023/02/18 22:26:10.412] -  <   {
 <     "id": 659,
 <     "jsonrpc": "2.0",
 <     "result": [
 <       "0x33cad17623292ea5be765630a96a087007899bd8",
 <       "0x71a2f026de4e3b4e8ac5238e87694b04a22d3011",
 <       "0x7fefa893650da5b2215c294705981d5d3603b1df",
 <       "0xa5d5258827751764a643b5051eb772b0a73dc7a4",
 <       "0x8b4b1fbdc11bdc9a0caf778881bab053c9e1cff3",
 <       "0x5af0a41be76bb00010103e85792dc68d15f03ee7",
 <       "0x365db76599c77bf7ae6ca0afc5eb574675606cab",
 <       "0xbf264af04d7dc3cc69462b10ec62fbbce392bfff",
 <       "0x0c30fb08a314cd63cc38a1f74f7741d153d037f0",
 <       "0x6a29527e141e5af5246a42f9e30e590cf37322fc"
 <     ]
 <   }
[2023/02/18 22:26:10.414] -  <   {
 <     "id": 660,
 <     "jsonrpc": "2.0",
 <     "result": "0x4a817c800"
 <   }
[2023/02/18 22:26:10.416] -  <   {
 <     "id": 661,
 <     "jsonrpc": "2.0",
 <     "result": {
 <       "number": "0x0",
 <       "hash": "0x7c211aa61effd1bf0206fb42a384220d18f3d2363ab7113da22d5c99a43c91d1",
 <       "parentHash": "0x0000000000000000000000000000000000000000000000000000000000000000",
 <       "mixHash": "0x0000000000000000000000000000000000000000000000000000000000000000",
 <       "nonce": "0x0000000000000000",
 <       "sha3Uncles": "0x1dcc4de8dec75d7aab85b567b6ccd41ad312451b948a7413f0a142fd40d49347",
 <       "logsBloom": "0x00000000000000000000000000000000000000000000000000000000000000000000000000000000000000000000000000000000000000000000000000000000000000000000000000000000000000000000000000000000000000000000000000000000000000000000000000000000000000000000000000000000000000000000000000000000000000000000000000000000000000000000000000000000000000000000000000000000000000000000000000000000000000000000000000000000000000000000000000000000000000000000000000000000000000000000000000000000000000000000000000000000000000000000000000000000",
 <       "transactionsRoot": "0x56e81f171bcc55a6ff8345e692c0f86e5b48e01b996cadc001622fb5e363b421",
 <       "stateRoot": "0x9e0dd8dcf3c2a6b24a6ab409302e365c3df861aeb7d125c17b2eef8e6becd627",
 <       "receiptsRoot": "0x56e81f171bcc55a6ff8345e692c0f86e5b48e01b996cadc001622fb5e363b421",
 <       "miner": "0x0000000000000000000000000000000000000000",
 <       "difficulty": "0x0",
 <       "totalDifficulty": "0x0",
 <       "extraData": "0x",
 <       "size": "0x3e8",
 <       "gasLimit": "0x6691b7",
 <       "gasUsed": "0x0",
 <       "timestamp": "0x63f19512",
 <       "transactions": [],
 <       "uncles": []
 <     }
 <   }
[2023/02/18 22:26:10.417] -  <   {
 <     "id": 662,
 <     "jsonrpc": "2.0",
 <     "result": "0x6"
 <   }
[2023/02/18 22:26:10.503] - eth_getBalance
[2023/02/18 22:26:10.503] -    > {
   >   "jsonrpc": "2.0",
   >   "id": 705,
   >   "method": "eth_getBalance",
   >   "params": [
   >     "0x33cad17623292ea5be765630a96a087007899bd8",
   >     "latest"
   >   ],
   >   "internal": true
   > }
[2023/02/18 22:26:10.504] - eth_getTransactionCount
[2023/02/18 22:26:10.504] -    > {
   >   "jsonrpc": "2.0",
   >   "id": 706,
   >   "method": "eth_getTransactionCount",
   >   "params": [
   >     "0x33cad17623292ea5be765630a96a087007899bd8",
   >     "latest"
   >   ],
   >   "internal": true
   > }
[2023/02/18 22:26:10.504] - eth_getBalance
[2023/02/18 22:26:10.504] -    > {
   >   "jsonrpc": "2.0",
   >   "id": 707,
   >   "method": "eth_getBalance",
   >   "params": [
   >     "0x71a2f026de4e3b4e8ac5238e87694b04a22d3011",
   >     "latest"
   >   ],
   >   "internal": true
   > }
[2023/02/18 22:26:10.505] -  <   {
 <     "id": 705,
 <     "jsonrpc": "2.0",
 <     "result": "0x56bc75e2d63100000"
 <   }
[2023/02/18 22:26:10.505] - eth_getTransactionCount
[2023/02/18 22:26:10.505] -    > {
   >   "jsonrpc": "2.0",
   >   "id": 708,
   >   "method": "eth_getTransactionCount",
   >   "params": [
   >     "0x71a2f026de4e3b4e8ac5238e87694b04a22d3011",
   >     "latest"
   >   ],
   >   "internal": true
   > }
[2023/02/18 22:26:10.505] - eth_getBalance
[2023/02/18 22:26:10.506] -    > {
   >   "jsonrpc": "2.0",
   >   "id": 709,
   >   "method": "eth_getBalance",
   >   "params": [
   >     "0x7fefa893650da5b2215c294705981d5d3603b1df",
   >     "latest"
   >   ],
   >   "internal": true
   > }
[2023/02/18 22:26:10.506] -  <   {
 <     "id": 706,
 <     "jsonrpc": "2.0",
 <     "result": "0x0"
 <   }
[2023/02/18 22:26:10.508] -  <   {
 <     "id": 707,
 <     "jsonrpc": "2.0",
 <     "result": "0x56bc75e2d63100000"
 <   }
[2023/02/18 22:26:10.516] -  <   {
 <     "id": 708,
 <     "jsonrpc": "2.0",
 <     "result": "0x0"
 <   }
[2023/02/18 22:26:10.518] - eth_getTransactionCount
[2023/02/18 22:26:10.518] -    > {
   >   "jsonrpc": "2.0",
   >   "id": 710,
   >   "method": "eth_getTransactionCount",
   >   "params": [
   >     "0x7fefa893650da5b2215c294705981d5d3603b1df",
   >     "latest"
   >   ],
   >   "internal": true
   > }
[2023/02/18 22:26:10.519] - eth_getBalance
[2023/02/18 22:26:10.519] -    > {
   >   "jsonrpc": "2.0",
   >   "id": 711,
   >   "method": "eth_getBalance",
   >   "params": [
   >     "0xa5d5258827751764a643b5051eb772b0a73dc7a4",
   >     "latest"
   >   ],
   >   "internal": true
   > }
[2023/02/18 22:26:10.519] - eth_getTransactionCount
[2023/02/18 22:26:10.519] -    > {
   >   "jsonrpc": "2.0",
   >   "id": 712,
   >   "method": "eth_getTransactionCount",
   >   "params": [
   >     "0xa5d5258827751764a643b5051eb772b0a73dc7a4",
   >     "latest"
   >   ],
   >   "internal": true
   > }
[2023/02/18 22:26:10.519] - eth_getBalance
[2023/02/18 22:26:10.519] -    > {
   >   "jsonrpc": "2.0",
   >   "id": 713,
   >   "method": "eth_getBalance",
   >   "params": [
   >     "0x8b4b1fbdc11bdc9a0caf778881bab053c9e1cff3",
   >     "latest"
   >   ],
   >   "internal": true
   > }
[2023/02/18 22:26:10.519] - eth_getTransactionCount
[2023/02/18 22:26:10.519] -    > {
   >   "jsonrpc": "2.0",
   >   "id": 714,
   >   "method": "eth_getTransactionCount",
   >   "params": [
   >     "0x8b4b1fbdc11bdc9a0caf778881bab053c9e1cff3",
   >     "latest"
   >   ],
   >   "internal": true
   > }
[2023/02/18 22:26:10.520] -  <   {
 <     "id": 709,
 <     "jsonrpc": "2.0",
 <     "result": "0x56bc75e2d63100000"
 <   }
[2023/02/18 22:26:10.520] - eth_getBalance
[2023/02/18 22:26:10.520] -    > {
   >   "jsonrpc": "2.0",
   >   "id": 715,
   >   "method": "eth_getBalance",
   >   "params": [
   >     "0x5af0a41be76bb00010103e85792dc68d15f03ee7",
   >     "latest"
   >   ],
   >   "internal": true
   > }
[2023/02/18 22:26:10.521] - eth_getTransactionCount
[2023/02/18 22:26:10.521] -    > {
   >   "jsonrpc": "2.0",
   >   "id": 716,
   >   "method": "eth_getTransactionCount",
   >   "params": [
   >     "0x5af0a41be76bb00010103e85792dc68d15f03ee7",
   >     "latest"
   >   ],
   >   "internal": true
   > }
[2023/02/18 22:26:10.521] - eth_getBalance
[2023/02/18 22:26:10.521] -    > {
   >   "jsonrpc": "2.0",
   >   "id": 717,
   >   "method": "eth_getBalance",
   >   "params": [
   >     "0x365db76599c77bf7ae6ca0afc5eb574675606cab",
   >     "latest"
   >   ],
   >   "internal": true
   > }
[2023/02/18 22:26:10.521] - eth_getTransactionCount
[2023/02/18 22:26:10.521] -    > {
   >   "jsonrpc": "2.0",
   >   "id": 718,
   >   "method": "eth_getTransactionCount",
   >   "params": [
   >     "0x365db76599c77bf7ae6ca0afc5eb574675606cab",
   >     "latest"
   >   ],
   >   "internal": true
   > }
[2023/02/18 22:26:10.521] - eth_getBalance
[2023/02/18 22:26:10.521] -    > {
   >   "jsonrpc": "2.0",
   >   "id": 719,
   >   "method": "eth_getBalance",
   >   "params": [
   >     "0xbf264af04d7dc3cc69462b10ec62fbbce392bfff",
   >     "latest"
   >   ],
   >   "internal": true
   > }
[2023/02/18 22:26:10.521] - eth_getTransactionCount
[2023/02/18 22:26:10.521] -    > {
   >   "jsonrpc": "2.0",
   >   "id": 720,
   >   "method": "eth_getTransactionCount",
   >   "params": [
   >     "0xbf264af04d7dc3cc69462b10ec62fbbce392bfff",
   >     "latest"
   >   ],
   >   "internal": true
   > }
[2023/02/18 22:26:10.522] -  <   {
 <     "id": 710,
 <     "jsonrpc": "2.0",
 <     "result": "0x0"
 <   }
[2023/02/18 22:26:10.522] - eth_getBalance
[2023/02/18 22:26:10.522] -    > {
   >   "jsonrpc": "2.0",
   >   "id": 721,
   >   "method": "eth_getBalance",
   >   "params": [
   >     "0x0c30fb08a314cd63cc38a1f74f7741d153d037f0",
   >     "latest"
   >   ],
   >   "internal": true
   > }
[2023/02/18 22:26:10.523] - eth_getTransactionCount
[2023/02/18 22:26:10.523] -    > {
   >   "jsonrpc": "2.0",
   >   "id": 722,
   >   "method": "eth_getTransactionCount",
   >   "params": [
   >     "0x0c30fb08a314cd63cc38a1f74f7741d153d037f0",
   >     "latest"
   >   ],
   >   "internal": true
   > }
[2023/02/18 22:26:10.523] -  <   {
 <     "id": 711,
 <     "jsonrpc": "2.0",
 <     "result": "0x56bc75e2d63100000"
 <   }
[2023/02/18 22:26:10.523] - eth_getBalance
[2023/02/18 22:26:10.523] -    > {
   >   "jsonrpc": "2.0",
   >   "id": 723,
   >   "method": "eth_getBalance",
   >   "params": [
   >     "0x6a29527e141e5af5246a42f9e30e590cf37322fc",
   >     "latest"
   >   ],
   >   "internal": true
   > }
[2023/02/18 22:26:10.524] - eth_getTransactionCount
[2023/02/18 22:26:10.524] -    > {
   >   "jsonrpc": "2.0",
   >   "id": 724,
   >   "method": "eth_getTransactionCount",
   >   "params": [
   >     "0x6a29527e141e5af5246a42f9e30e590cf37322fc",
   >     "latest"
   >   ],
   >   "internal": true
   > }
[2023/02/18 22:26:10.525] -  <   {
 <     "id": 712,
 <     "jsonrpc": "2.0",
 <     "result": "0x0"
 <   }
[2023/02/18 22:26:10.525] - eth_getBalance
[2023/02/18 22:26:10.525] -    > {
   >   "jsonrpc": "2.0",
   >   "id": 725,
   >   "method": "eth_getBalance",
   >   "params": [
   >     "0x33cad17623292ea5be765630a96a087007899bd8",
   >     "latest"
   >   ],
   >   "internal": true
   > }
[2023/02/18 22:26:10.525] -  <   {
 <     "id": 713,
 <     "jsonrpc": "2.0",
 <     "result": "0x56bc75e2d63100000"
 <   }
[2023/02/18 22:26:10.526] - eth_getTransactionCount
[2023/02/18 22:26:10.526] -    > {
   >   "jsonrpc": "2.0",
   >   "id": 726,
   >   "method": "eth_getTransactionCount",
   >   "params": [
   >     "0x33cad17623292ea5be765630a96a087007899bd8",
   >     "latest"
   >   ],
   >   "internal": true
   > }
[2023/02/18 22:26:10.526] -  <   {
 <     "id": 714,
 <     "jsonrpc": "2.0",
 <     "result": "0x0"
 <   }
[2023/02/18 22:26:10.527] - eth_getBalance
[2023/02/18 22:26:10.527] -    > {
   >   "jsonrpc": "2.0",
   >   "id": 727,
   >   "method": "eth_getBalance",
   >   "params": [
   >     "0x71a2f026de4e3b4e8ac5238e87694b04a22d3011",
   >     "latest"
   >   ],
   >   "internal": true
   > }
[2023/02/18 22:26:10.527] - eth_getTransactionCount
[2023/02/18 22:26:10.528] -    > {
   >   "jsonrpc": "2.0",
   >   "id": 728,
   >   "method": "eth_getTransactionCount",
   >   "params": [
   >     "0x71a2f026de4e3b4e8ac5238e87694b04a22d3011",
   >     "latest"
   >   ],
   >   "internal": true
   > }
[2023/02/18 22:26:10.528] -  <   {
 <     "id": 715,
 <     "jsonrpc": "2.0",
 <     "result": "0x56bc75e2d63100000"
 <   }
[2023/02/18 22:26:10.528] - eth_getBalance
[2023/02/18 22:26:10.528] -    > {
   >   "jsonrpc": "2.0",
   >   "id": 729,
   >   "method": "eth_getBalance",
   >   "params": [
   >     "0x7fefa893650da5b2215c294705981d5d3603b1df",
   >     "latest"
   >   ],
   >   "internal": true
   > }
[2023/02/18 22:26:10.529] -  <   {
 <     "id": 716,
 <     "jsonrpc": "2.0",
 <     "result": "0x0"
 <   }
[2023/02/18 22:26:10.529] - eth_getTransactionCount
[2023/02/18 22:26:10.529] -    > {
   >   "jsonrpc": "2.0",
   >   "id": 730,
   >   "method": "eth_getTransactionCount",
   >   "params": [
   >     "0x7fefa893650da5b2215c294705981d5d3603b1df",
   >     "latest"
   >   ],
   >   "internal": true
   > }
[2023/02/18 22:26:10.530] -  <   {
 <     "id": 717,
 <     "jsonrpc": "2.0",
 <     "result": "0x56bc75e2d63100000"
 <   }
[2023/02/18 22:26:10.532] - eth_getBalance
[2023/02/18 22:26:10.533] -    > {
   >   "jsonrpc": "2.0",
   >   "id": 731,
   >   "method": "eth_getBalance",
   >   "params": [
   >     "0xa5d5258827751764a643b5051eb772b0a73dc7a4",
   >     "latest"
   >   ],
   >   "internal": true
   > }
[2023/02/18 22:26:10.533] - eth_getTransactionCount
[2023/02/18 22:26:10.533] -    > {
   >   "jsonrpc": "2.0",
   >   "id": 732,
   >   "method": "eth_getTransactionCount",
   >   "params": [
   >     "0xa5d5258827751764a643b5051eb772b0a73dc7a4",
   >     "latest"
   >   ],
   >   "internal": true
   > }
[2023/02/18 22:26:10.534] -  <   {
 <     "id": 718,
 <     "jsonrpc": "2.0",
 <     "result": "0x0"
 <   }
[2023/02/18 22:26:10.535] - eth_getBalance
[2023/02/18 22:26:10.535] -    > {
   >   "jsonrpc": "2.0",
   >   "id": 733,
   >   "method": "eth_getBalance",
   >   "params": [
   >     "0x8b4b1fbdc11bdc9a0caf778881bab053c9e1cff3",
   >     "latest"
   >   ],
   >   "internal": true
   > }
[2023/02/18 22:26:10.535] - eth_getTransactionCount
[2023/02/18 22:26:10.536] -    > {
   >   "jsonrpc": "2.0",
   >   "id": 734,
   >   "method": "eth_getTransactionCount",
   >   "params": [
   >     "0x8b4b1fbdc11bdc9a0caf778881bab053c9e1cff3",
   >     "latest"
   >   ],
   >   "internal": true
   > }
[2023/02/18 22:26:10.536] - eth_getBalance
[2023/02/18 22:26:10.536] -    > {
   >   "jsonrpc": "2.0",
   >   "id": 735,
   >   "method": "eth_getBalance",
   >   "params": [
   >     "0x5af0a41be76bb00010103e85792dc68d15f03ee7",
   >     "latest"
   >   ],
   >   "internal": true
   > }
[2023/02/18 22:26:10.536] - eth_getTransactionCount
[2023/02/18 22:26:10.536] -    > {
   >   "jsonrpc": "2.0",
   >   "id": 736,
   >   "method": "eth_getTransactionCount",
   >   "params": [
   >     "0x5af0a41be76bb00010103e85792dc68d15f03ee7",
   >     "latest"
   >   ],
   >   "internal": true
   > }
[2023/02/18 22:26:10.536] - eth_getBalance
[2023/02/18 22:26:10.536] -    > {
   >   "jsonrpc": "2.0",
   >   "id": 737,
   >   "method": "eth_getBalance",
   >   "params": [
   >     "0x365db76599c77bf7ae6ca0afc5eb574675606cab",
   >     "latest"
   >   ],
   >   "internal": true
   > }
[2023/02/18 22:26:10.536] - eth_getTransactionCount
[2023/02/18 22:26:10.537] -    > {
   >   "jsonrpc": "2.0",
   >   "id": 738,
   >   "method": "eth_getTransactionCount",
   >   "params": [
   >     "0x365db76599c77bf7ae6ca0afc5eb574675606cab",
   >     "latest"
   >   ],
   >   "internal": true
   > }
[2023/02/18 22:26:10.537] -  <   {
 <     "id": 719,
 <     "jsonrpc": "2.0",
 <     "result": "0x56bc75e2d63100000"
 <   }
[2023/02/18 22:26:10.537] - eth_getBalance
[2023/02/18 22:26:10.537] -    > {
   >   "jsonrpc": "2.0",
   >   "id": 739,
   >   "method": "eth_getBalance",
   >   "params": [
   >     "0xbf264af04d7dc3cc69462b10ec62fbbce392bfff",
   >     "latest"
   >   ],
   >   "internal": true
   > }
[2023/02/18 22:26:10.538] - eth_getTransactionCount
[2023/02/18 22:26:10.538] -    > {
   >   "jsonrpc": "2.0",
   >   "id": 740,
   >   "method": "eth_getTransactionCount",
   >   "params": [
   >     "0xbf264af04d7dc3cc69462b10ec62fbbce392bfff",
   >     "latest"
   >   ],
   >   "internal": true
   > }
[2023/02/18 22:26:10.539] -  <   {
 <     "id": 720,
 <     "jsonrpc": "2.0",
 <     "result": "0x0"
 <   }
[2023/02/18 22:26:10.539] - eth_getBalance
[2023/02/18 22:26:10.539] -    > {
   >   "jsonrpc": "2.0",
   >   "id": 741,
   >   "method": "eth_getBalance",
   >   "params": [
   >     "0x0c30fb08a314cd63cc38a1f74f7741d153d037f0",
   >     "latest"
   >   ],
   >   "internal": true
   > }
[2023/02/18 22:26:10.540] - eth_getTransactionCount
[2023/02/18 22:26:10.540] -    > {
   >   "jsonrpc": "2.0",
   >   "id": 742,
   >   "method": "eth_getTransactionCount",
   >   "params": [
   >     "0x0c30fb08a314cd63cc38a1f74f7741d153d037f0",
   >     "latest"
   >   ],
   >   "internal": true
   > }
[2023/02/18 22:26:10.540] -  <   {
 <     "id": 721,
 <     "jsonrpc": "2.0",
 <     "result": "0x56bc75e2d63100000"
 <   }
[2023/02/18 22:26:10.540] - eth_getBalance
[2023/02/18 22:26:10.541] -    > {
   >   "jsonrpc": "2.0",
   >   "id": 743,
   >   "method": "eth_getBalance",
   >   "params": [
   >     "0x6a29527e141e5af5246a42f9e30e590cf37322fc",
   >     "latest"
   >   ],
   >   "internal": true
   > }
[2023/02/18 22:26:10.541] - eth_getTransactionCount
[2023/02/18 22:26:10.541] -    > {
   >   "jsonrpc": "2.0",
   >   "id": 744,
   >   "method": "eth_getTransactionCount",
   >   "params": [
   >     "0x6a29527e141e5af5246a42f9e30e590cf37322fc",
   >     "latest"
   >   ],
   >   "internal": true
   > }
[2023/02/18 22:26:10.542] -  <   {
 <     "id": 722,
 <     "jsonrpc": "2.0",
 <     "result": "0x0"
 <   }
[2023/02/18 22:26:10.543] -  <   {
 <     "id": 723,
 <     "jsonrpc": "2.0",
 <     "result": "0x56bc75e2d63100000"
 <   }
[2023/02/18 22:26:10.545] -  <   {
 <     "id": 724,
 <     "jsonrpc": "2.0",
 <     "result": "0x0"
 <   }
[2023/02/18 22:26:10.550] -  <   {
 <     "id": 725,
 <     "jsonrpc": "2.0",
 <     "result": "0x56bc75e2d63100000"
 <   }
[2023/02/18 22:26:10.553] -  <   {
 <     "id": 726,
 <     "jsonrpc": "2.0",
 <     "result": "0x0"
 <   }
[2023/02/18 22:26:10.555] -  <   {
 <     "id": 727,
 <     "jsonrpc": "2.0",
 <     "result": "0x56bc75e2d63100000"
 <   }
[2023/02/18 22:26:10.556] -  <   {
 <     "id": 728,
 <     "jsonrpc": "2.0",
 <     "result": "0x0"
 <   }
[2023/02/18 22:26:10.558] -  <   {
 <     "id": 729,
 <     "jsonrpc": "2.0",
 <     "result": "0x56bc75e2d63100000"
 <   }
[2023/02/18 22:26:10.559] -  <   {
 <     "id": 730,
 <     "jsonrpc": "2.0",
 <     "result": "0x0"
 <   }
[2023/02/18 22:26:10.561] -  <   {
 <     "id": 731,
 <     "jsonrpc": "2.0",
 <     "result": "0x56bc75e2d63100000"
 <   }
[2023/02/18 22:26:10.563] -  <   {
 <     "id": 732,
 <     "jsonrpc": "2.0",
 <     "result": "0x0"
 <   }
[2023/02/18 22:26:10.564] -  <   {
 <     "id": 733,
 <     "jsonrpc": "2.0",
 <     "result": "0x56bc75e2d63100000"
 <   }
[2023/02/18 22:26:10.566] -  <   {
 <     "id": 734,
 <     "jsonrpc": "2.0",
 <     "result": "0x0"
 <   }
[2023/02/18 22:26:10.567] -  <   {
 <     "id": 735,
 <     "jsonrpc": "2.0",
 <     "result": "0x56bc75e2d63100000"
 <   }
[2023/02/18 22:26:10.569] -  <   {
 <     "id": 736,
 <     "jsonrpc": "2.0",
 <     "result": "0x0"
 <   }
[2023/02/18 22:26:10.571] -  <   {
 <     "id": 737,
 <     "jsonrpc": "2.0",
 <     "result": "0x56bc75e2d63100000"
 <   }
[2023/02/18 22:26:10.572] -  <   {
 <     "id": 738,
 <     "jsonrpc": "2.0",
 <     "result": "0x0"
 <   }
[2023/02/18 22:26:10.574] -  <   {
 <     "id": 739,
 <     "jsonrpc": "2.0",
 <     "result": "0x56bc75e2d63100000"
 <   }
[2023/02/18 22:26:10.576] -  <   {
 <     "id": 740,
 <     "jsonrpc": "2.0",
 <     "result": "0x0"
 <   }
[2023/02/18 22:26:10.584] -  <   {
 <     "id": 741,
 <     "jsonrpc": "2.0",
 <     "result": "0x56bc75e2d63100000"
 <   }
[2023/02/18 22:26:10.586] -  <   {
 <     "id": 742,
 <     "jsonrpc": "2.0",
 <     "result": "0x0"
 <   }
[2023/02/18 22:26:10.588] -  <   {
 <     "id": 743,
 <     "jsonrpc": "2.0",
 <     "result": "0x56bc75e2d63100000"
 <   }
[2023/02/18 22:26:10.590] -  <   {
 <     "id": 744,
 <     "jsonrpc": "2.0",
 <     "result": "0x0"
 <   }
[2023/02/18 22:26:11.395] - eth_unsubscribe
[2023/02/18 22:26:11.396] -    > {
   >   "jsonrpc": "2.0",
   >   "id": 61,
   >   "method": "eth_unsubscribe",
   >   "params": [
   >     "0x4"
   >   ]
   > }
[2023/02/18 22:26:11.396] - eth_unsubscribe
[2023/02/18 22:26:11.396] -    > {
   >   "jsonrpc": "2.0",
   >   "id": 62,
   >   "method": "eth_unsubscribe",
   >   "params": [
   >     "0x5"
   >   ]
   > }
[2023/02/18 22:26:11.397] -    > {
   >   "jsonrpc": "2.0",
   >   "method": "eth_unsubscribe",
   >   "params": [
   >     "0x6"
   >   ],
   >   "id": 1676777171397
   > }
[2023/02/18 22:26:11.397] -    > {
   >   "jsonrpc": "2.0",
   >   "method": "eth_unsubscribe",
   >   "params": [
   >     "0x4"
   >   ],
   >   "id": 1676777171397
   > }
[2023/02/18 22:26:11.397] -    > {
   >   "jsonrpc": "2.0",
   >   "method": "eth_unsubscribe",
   >   "params": [
   >     "0x5"
   >   ],
   >   "id": 1676777171397
   > }
[2023/02/18 22:26:11.397] -    > {
   >   "jsonrpc": "2.0",
   >   "method": "eth_unsubscribe",
   >   "params": [
   >     "0x3"
   >   ],
   >   "id": 1676777171397
   > }
[2023/02/18 22:26:11.397] -    > {
   >   "jsonrpc": "2.0",
   >   "method": "eth_unsubscribe",
   >   "params": [
   >     "0x1"
   >   ],
   >   "id": 1676777171397
   > }
[2023/02/18 22:26:11.397] -    > {
   >   "jsonrpc": "2.0",
   >   "method": "eth_unsubscribe",
   >   "params": [
   >     "0x2"
   >   ],
   >   "id": 1676777171397
   > }
[2023/02/18 22:26:11.397] -  <   {
 <     "id": 61,
 <     "jsonrpc": "2.0",
 <     "result": true
 <   }
[2023/02/18 22:26:11.399] -  <   {
 <     "id": 62,
 <     "jsonrpc": "2.0",
 <     "result": true
 <   }
[2023/02/18 22:26:11.406] -  <   {
 <     "id": 1676777171397,
 <     "jsonrpc": "2.0",
 <     "result": true
 <   }
[2023/02/18 22:26:11.407] -  <   {
 <     "id": 1676777171397,
 <     "jsonrpc": "2.0",
 <     "error": {
 <       "message": "Subscription ID 0x4 not found.",
 <       "code": -32000,
 <       "data": {
 <         "stack": "Error: Subscription ID 0x4 not found.\n    at SubscriptionSubprovider.eth_unsubscribe (/private/var/folders/06/26nl5q9x41scb11bdh1d09jc0000gn/T/AppTranslocation/8746BA9B-D071-4089-A4AC-9A1C30A2C6C2/d/Ganache.app/Contents/Resources/static/node/node_modules/ganache-core/node_modules/web3-provider-engine/subproviders/subscriptions.js:78:8)\n    at SubscriptionSubprovider.handleRequest (/private/var/folders/06/26nl5q9x41scb11bdh1d09jc0000gn/T/AppTranslocation/8746BA9B-D071-4089-A4AC-9A1C30A2C6C2/d/Ganache.app/Contents/Resources/static/node/node_modules/ganache-core/node_modules/web3-provider-engine/subproviders/subscriptions.js:134:12)\n    at next (/private/var/folders/06/26nl5q9x41scb11bdh1d09jc0000gn/T/AppTranslocation/8746BA9B-D071-4089-A4AC-9A1C30A2C6C2/d/Ganache.app/Contents/Resources/static/node/node_modules/ganache-core/node_modules/web3-provider-engine/index.js:136:18)\n    at DelayedBlockFilter.handleRequest (/private/var/folders/06/26nl5q9x41scb11bdh1d09jc0000gn/T/AppTranslocation/8746BA9B-D071-4089-A4AC-9A1C30A2C6C2/d/Ganache.app/Contents/Resources/static/node/node_modules/ganache-core/lib/subproviders/delayedblockfilter.js:31:3)\n    at next (/private/var/folders/06/26nl5q9x41scb11bdh1d09jc0000gn/T/AppTranslocation/8746BA9B-D071-4089-A4AC-9A1C30A2C6C2/d/Ganache.app/Contents/Resources/static/node/node_modules/ganache-core/node_modules/web3-provider-engine/index.js:136:18)\n    at RequestFunnel.handleRequest (/private/var/folders/06/26nl5q9x41scb11bdh1d09jc0000gn/T/AppTranslocation/8746BA9B-D071-4089-A4AC-9A1C30A2C6C2/d/Ganache.app/Contents/Resources/static/node/node_modules/ganache-core/lib/subproviders/requestfunnel.js:32:12)\n    at next (/private/var/folders/06/26nl5q9x41scb11bdh1d09jc0000gn/T/AppTranslocation/8746BA9B-D071-4089-A4AC-9A1C30A2C6C2/d/Ganache.app/Contents/Resources/static/node/node_modules/ganache-core/node_modules/web3-provider-engine/index.js:136:18)\n    at Web3ProviderEngine._handleAsync (/private/var/folders/06/26nl5q9x41scb11bdh1d09jc0000gn/T/AppTranslocation/8746BA9B-D071-4089-A4AC-9A1C30A2C6C2/d/Ganache.app/Contents/Resources/static/node/node_modules/ganache-core/node_modules/web3-provider-engine/index.js:123:3)\n    at Timeout._onTimeout (/private/var/folders/06/26nl5q9x41scb11bdh1d09jc0000gn/T/AppTranslocation/8746BA9B-D071-4089-A4AC-9A1C30A2C6C2/d/Ganache.app/Contents/Resources/static/node/node_modules/ganache-core/node_modules/web3-provider-engine/index.js:107:12)\n    at listOnTimeout (internal/timers.js:531:17)\n    at processTimers (internal/timers.js:475:7)",
 <         "name": "Error"
 <       }
 <     }
 <   }
[2023/02/18 22:26:11.411] -  <   {
 <     "id": 1676777171397,
 <     "jsonrpc": "2.0",
 <     "error": {
 <       "message": "Subscription ID 0x5 not found.",
 <       "code": -32000,
 <       "data": {
 <         "stack": "Error: Subscription ID 0x5 not found.\n    at SubscriptionSubprovider.eth_unsubscribe (/private/var/folders/06/26nl5q9x41scb11bdh1d09jc0000gn/T/AppTranslocation/8746BA9B-D071-4089-A4AC-9A1C30A2C6C2/d/Ganache.app/Contents/Resources/static/node/node_modules/ganache-core/node_modules/web3-provider-engine/subproviders/subscriptions.js:78:8)\n    at SubscriptionSubprovider.handleRequest (/private/var/folders/06/26nl5q9x41scb11bdh1d09jc0000gn/T/AppTranslocation/8746BA9B-D071-4089-A4AC-9A1C30A2C6C2/d/Ganache.app/Contents/Resources/static/node/node_modules/ganache-core/node_modules/web3-provider-engine/subproviders/subscriptions.js:134:12)\n    at next (/private/var/folders/06/26nl5q9x41scb11bdh1d09jc0000gn/T/AppTranslocation/8746BA9B-D071-4089-A4AC-9A1C30A2C6C2/d/Ganache.app/Contents/Resources/static/node/node_modules/ganache-core/node_modules/web3-provider-engine/index.js:136:18)\n    at DelayedBlockFilter.handleRequest (/private/var/folders/06/26nl5q9x41scb11bdh1d09jc0000gn/T/AppTranslocation/8746BA9B-D071-4089-A4AC-9A1C30A2C6C2/d/Ganache.app/Contents/Resources/static/node/node_modules/ganache-core/lib/subproviders/delayedblockfilter.js:31:3)\n    at next (/private/var/folders/06/26nl5q9x41scb11bdh1d09jc0000gn/T/AppTranslocation/8746BA9B-D071-4089-A4AC-9A1C30A2C6C2/d/Ganache.app/Contents/Resources/static/node/node_modules/ganache-core/node_modules/web3-provider-engine/index.js:136:18)\n    at RequestFunnel.handleRequest (/private/var/folders/06/26nl5q9x41scb11bdh1d09jc0000gn/T/AppTranslocation/8746BA9B-D071-4089-A4AC-9A1C30A2C6C2/d/Ganache.app/Contents/Resources/static/node/node_modules/ganache-core/lib/subproviders/requestfunnel.js:32:12)\n    at next (/private/var/folders/06/26nl5q9x41scb11bdh1d09jc0000gn/T/AppTranslocation/8746BA9B-D071-4089-A4AC-9A1C30A2C6C2/d/Ganache.app/Contents/Resources/static/node/node_modules/ganache-core/node_modules/web3-provider-engine/index.js:136:18)\n    at Web3ProviderEngine._handleAsync (/private/var/folders/06/26nl5q9x41scb11bdh1d09jc0000gn/T/AppTranslocation/8746BA9B-D071-4089-A4AC-9A1C30A2C6C2/d/Ganache.app/Contents/Resources/static/node/node_modules/ganache-core/node_modules/web3-provider-engine/index.js:123:3)\n    at Timeout._onTimeout (/private/var/folders/06/26nl5q9x41scb11bdh1d09jc0000gn/T/AppTranslocation/8746BA9B-D071-4089-A4AC-9A1C30A2C6C2/d/Ganache.app/Contents/Resources/static/node/node_modules/ganache-core/node_modules/web3-provider-engine/index.js:107:12)\n    at listOnTimeout (internal/timers.js:531:17)\n    at processTimers (internal/timers.js:475:7)",
 <         "name": "Error"
 <       }
 <     }
 <   }
[2023/02/18 22:26:11.413] -  <   {
 <     "id": 1676777171397,
 <     "jsonrpc": "2.0",
 <     "result": true
 <   }
[2023/02/18 22:26:11.417] -  <   {
 <     "id": 1676777171397,
 <     "jsonrpc": "2.0",
 <     "result": true
 <   }
[2023/02/18 22:26:11.418] -  <   {
 <     "id": 1676777171397,
 <     "jsonrpc": "2.0",
 <     "result": true
 <   }
